[debug] [2024-12-16T19:45:39.405Z] ----------------------------------------------------------------------
[debug] [2024-12-16T19:45:39.407Z] Command:       /usr/local/bin/node /usr/local/bin/firebase init
[debug] [2024-12-16T19:45:39.407Z] CLI Version:   13.29.1
[debug] [2024-12-16T19:45:39.407Z] Platform:      darwin
[debug] [2024-12-16T19:45:39.407Z] Node Version:  v22.11.0
[debug] [2024-12-16T19:45:39.407Z] Time:          Tue Dec 17 2024 01:45:39 GMT+0600 (Киргизия)
[debug] [2024-12-16T19:45:39.407Z] ----------------------------------------------------------------------
[debug] 
[debug] [2024-12-16T19:45:39.410Z] > command requires scopes: ["email","openid","https://www.googleapis.com/auth/cloudplatformprojects.readonly","https://www.googleapis.com/auth/firebase","https://www.googleapis.com/auth/cloud-platform"]
[debug] [2024-12-16T19:45:39.410Z] > authorizing via signed-in user (shabdanov_s@auca.kg)
[info] 
     ######## #### ########  ######## ########     ###     ######  ########
     ##        ##  ##     ## ##       ##     ##  ##   ##  ##       ##
     ######    ##  ########  ######   ########  #########  ######  ######
     ##        ##  ##    ##  ##       ##     ## ##     ##       ## ##
     ##       #### ##     ## ######## ########  ##     ##  ######  ########

You're about to initialize a Firebase project in this directory:

  /Users/sabdanovsarmat/Documents/auca/SYS/final

[info] 
=== Project Setup
[info] 
[info] First, let's associate this project directory with a Firebase project.
[info] You can create multiple project aliases by running firebase use --add, 
[info] but for now we'll just set up a default project.
[info] 
[debug] [2024-12-16T19:45:55.103Z] Checked if tokens are valid: true, expires at: 1734381905369
[debug] [2024-12-16T19:45:55.104Z] Checked if tokens are valid: true, expires at: 1734381905369
[debug] [2024-12-16T19:45:55.106Z] >>> [apiv2][query] GET https://firebase.googleapis.com/v1beta1/projects pageSize=100
[debug] [2024-12-16T19:45:55.993Z] <<< [apiv2][status] GET https://firebase.googleapis.com/v1beta1/projects 200
[debug] [2024-12-16T19:45:55.993Z] <<< [apiv2][body] GET https://firebase.googleapis.com/v1beta1/projects [omitted]
[info] i  Using project final-project-b370c (final-project) 
[info] 
=== Hosting Setup
[debug] [2024-12-16T19:45:58.556Z] Checked if tokens are valid: true, expires at: 1734381905369
[debug] [2024-12-16T19:45:58.556Z] Checked if tokens are valid: true, expires at: 1734381905369
[debug] [2024-12-16T19:45:58.556Z] >>> [apiv2][query] GET https://firebase.googleapis.com/v1beta1/projects/final-project-b370c [none]
[debug] [2024-12-16T19:45:58.833Z] <<< [apiv2][status] GET https://firebase.googleapis.com/v1beta1/projects/final-project-b370c 200
[debug] [2024-12-16T19:45:58.834Z] <<< [apiv2][body] GET https://firebase.googleapis.com/v1beta1/projects/final-project-b370c {"projectId":"final-project-b370c","projectNumber":"129226291943","displayName":"final-project","name":"projects/final-project-b370c","resources":{"hostingSite":"final-project-b370c"},"state":"ACTIVE","etag":"1_95f671f6-3776-47f7-aebf-b30c5cb9c50c"}
[info] 
[info] Your public directory is the folder (relative to your project directory) that
[info] will contain Hosting assets to be uploaded with firebase deploy. If you
[info] have a build process for your assets, use your build's output directory.
[info] 
